<?xml version="1.0" encoding="UTF-8"?>
<!-- Generated by org.testng.reporters.JUnitXMLReporter -->
<testsuite hostname="DESKTOP-7769JJ2" ignored="3" name="Test" tests="1" failures="0" timestamp="05 Nov 2021 15:23:58 GMT" time="5.442" errors="0">
  <testcase name="tc1" time="5.419" classname="org.groups.Test1"/>
  <testcase name="tc3" time="0.0" classname="org.groups.Test1">
    <ignored/>
  </testcase> <!-- tc3 -->
  <testcase name="tc2" time="0.0" classname="org.groups.Test1">
    <ignored/>
  </testcase> <!-- tc2 -->
  <testcase name="tc4" time="0.0" classname="org.groups.Test2">
    <ignored/>
  </testcase> <!-- tc4 -->
</testsuite> <!-- Test -->
