<?xml version="1.0" encoding="UTF-8"?>
<!-- Generated by org.testng.reporters.JUnitXMLReporter -->
<testsuite hostname="DESKTOP-7769JJ2" ignored="0" name="Test1" tests="7" failures="1" timestamp="05 Nov 2021 11:34:54 GMT" time="0.053" errors="0">
  <testcase name="tc1" time="0.009" classname="org.rerun.TestingSample"/>
  <testcase name="tc2" time="0.006" classname="org.rerun.TestingSample">
    <skipped/>
  </testcase> <!-- tc2 -->
  <testcase name="tc2" time="0.001" classname="org.rerun.TestingSample">
    <skipped/>
  </testcase> <!-- tc2 -->
  <testcase name="tc2" time="0.002" classname="org.rerun.TestingSample">
    <skipped/>
  </testcase> <!-- tc2 -->
  <testcase name="tc2" time="0.002" classname="org.rerun.TestingSample">
    <skipped/>
  </testcase> <!-- tc2 -->
  <testcase name="tc2" time="0.002" classname="org.rerun.TestingSample">
    <skipped/>
  </testcase> <!-- tc2 -->
  <testcase name="tc2" time="0.001" classname="org.rerun.TestingSample">
    <failure type="java.lang.AssertionError" message="expected [true] but found [false]">
      <![CDATA[java.lang.AssertionError: expected [true] but found [false]
	at org.rerun.TestingSample.tc2(TestingSample.java:21)
... Removed 29 stack frames]]>
    </failure>
  </testcase> <!-- tc2 -->
</testsuite> <!-- Test1 -->
